# JRE version: OpenJDK Runtime Environment (8.0_202-b03) (build 1.8.0_202-release-1483-b03)
# Java VM: OpenJDK 64-Bit Server VM (25.202-b03 mixed mode windows-amd64 compressed oops)
Heap:
 PSYoungGen      total 388608K, used 53477K [0x00000000e0000000, 0x00000000fa580000, 0x0000000100000000)
  eden space 353792K, 14% used [0x00000000e0000000,0x00000000e33b13e0,0x00000000f5980000)
  from space 34816K, 1% used [0x00000000f7a00000,0x00000000f7a88160,0x00000000f9c00000)
  to   space 33280K, 0% used [0x00000000f5980000,0x00000000f5980000,0x00000000f7a00000)
 ParOldGen       total 262656K, used 127032K [0x00000000a0000000, 0x00000000b0080000, 0x00000000e0000000)
  object space 262656K, 48% used [0x00000000a0000000,0x00000000a7c0e340,0x00000000b0080000)
 Metaspace       used 70609K, capacity 77060K, committed 77184K, reserved 1116160K
  class space    used 9445K, capacity 11107K, committed 11136K, reserved 1048576K
GC Heap History (10 events):
Event: 29.791 GC heap before
{Heap before GC invocations=18 (full 3):
 PSYoungGen      total 243712K, used 228352K [0x00000000e0000000, 0x00000000f0480000, 0x0000000100000000)
  eden space 228352K, 100% used [0x00000000e0000000,0x00000000edf00000,0x00000000edf00000)
  from space 15360K, 0% used [0x00000000eee00000,0x00000000eee00000,0x00000000efd00000)
  to   space 15360K, 0% used [0x00000000edf00000,0x00000000edf00000,0x00000000eee00000)
 ParOldGen       total 127488K, used 36653K [0x00000000a0000000, 0x00000000a7c80000, 0x00000000e0000000)
  object space 127488K, 28% used [0x00000000a0000000,0x00000000a23cb460,0x00000000a7c80000)
 Metaspace       used 64422K, capacity 69786K, committed 70016K, reserved 1110016K
  class space    used 8765K, capacity 10264K, committed 10368K, reserved 1048576K
Event: 29.874 GC heap after
Heap after GC invocations=18 (full 3):
 PSYoungGen      total 243712K, used 15336K [0x00000000e0000000, 0x00000000f5680000, 0x0000000100000000)
  eden space 228352K, 0% used [0x00000000e0000000,0x00000000e0000000,0x00000000edf00000)
  from space 15360K, 99% used [0x00000000edf00000,0x00000000eedfa030,0x00000000eee00000)
  to   space 27136K, 0% used [0x00000000f3c00000,0x00000000f3c00000,0x00000000f5680000)
 ParOldGen       total 127488K, used 62993K [0x00000000a0000000, 0x00000000a7c80000, 0x00000000e0000000)
  object space 127488K, 49% used [0x00000000a0000000,0x00000000a3d84458,0x00000000a7c80000)
 Metaspace       used 64422K, capacity 69786K, committed 70016K, reserved 1110016K
  class space    used 8765K, capacity 10264K, committed 10368K, reserved 1048576K
}
Event: 33.711 GC heap before
{Heap before GC invocations=19 (full 3):
 PSYoungGen      total 243712K, used 243688K [0x00000000e0000000, 0x00000000f5680000, 0x0000000100000000)
  eden space 228352K, 100% used [0x00000000e0000000,0x00000000edf00000,0x00000000edf00000)
  from space 15360K, 99% used [0x00000000edf00000,0x00000000eedfa030,0x00000000eee00000)
  to   space 27136K, 0% used [0x00000000f3c00000,0x00000000f3c00000,0x00000000f5680000)
 ParOldGen       total 127488K, used 62993K [0x00000000a0000000, 0x00000000a7c80000, 0x00000000e0000000)
  object space 127488K, 49% used [0x00000000a0000000,0x00000000a3d84458,0x00000000a7c80000)
 Metaspace       used 67795K, capacity 73586K, committed 73856K, reserved 1112064K
  class space    used 9189K, capacity 10786K, committed 10880K, reserved 1048576K
Event: 33.815 GC heap after
Heap after GC invocations=19 (full 3):
 PSYoungGen      total 315904K, used 27112K [0x00000000e0000000, 0x00000000f6b80000, 0x0000000100000000)
  eden space 288768K, 0% used [0x00000000e0000000,0x00000000e0000000,0x00000000f1a00000)
  from space 27136K, 99% used [0x00000000f3c00000,0x00000000f567a030,0x00000000f5680000)
  to   space 34816K, 0% used [0x00000000f1a00000,0x00000000f1a00000,0x00000000f3c00000)
 ParOldGen       total 127488K, used 72379K [0x00000000a0000000, 0x00000000a7c80000, 0x00000000e0000000)
  object space 127488K, 56% used [0x00000000a0000000,0x00000000a46aef18,0x00000000a7c80000)
 Metaspace       used 67795K, capacity 73586K, committed 73856K, reserved 1112064K
  class space    used 9189K, capacity 10786K, committed 10880K, reserved 1048576K
}
Event: 41.488 GC heap before
{Heap before GC invocations=20 (full 3):
 PSYoungGen      total 315904K, used 315880K [0x00000000e0000000, 0x00000000f6b80000, 0x0000000100000000)
  eden space 288768K, 100% used [0x00000000e0000000,0x00000000f1a00000,0x00000000f1a00000)
  from space 27136K, 99% used [0x00000000f3c00000,0x00000000f567a030,0x00000000f5680000)
  to   space 34816K, 0% used [0x00000000f1a00000,0x00000000f1a00000,0x00000000f3c00000)
 ParOldGen       total 127488K, used 72379K [0x00000000a0000000, 0x00000000a7c80000, 0x00000000e0000000)
  object space 127488K, 56% used [0x00000000a0000000,0x00000000a46aef18,0x00000000a7c80000)
 Metaspace       used 70326K, capacity 76646K, committed 76928K, reserved 1116160K
  class space    used 9435K, capacity 11094K, committed 11136K, reserved 1048576K
Event: 41.649 GC heap after
Heap after GC invocations=20 (full 3):
 PSYoungGen      total 323584K, used 19090K [0x00000000e0000000, 0x00000000f9c00000, 0x0000000100000000)
  eden space 288768K, 0% used [0x00000000e0000000,0x00000000e0000000,0x00000000f1a00000)
  from space 34816K, 54% used [0x00000000f1a00000,0x00000000f2ca48b0,0x00000000f3c00000)
  to   space 34816K, 0% used [0x00000000f7a00000,0x00000000f7a00000,0x00000000f9c00000)
 ParOldGen       total 127488K, used 99047K [0x00000000a0000000, 0x00000000a7c80000, 0x00000000e0000000)
  object space 127488K, 77% used [0x00000000a0000000,0x00000000a60b9cc8,0x00000000a7c80000)
 Metaspace       used 70326K, capacity 76646K, committed 76928K, reserved 1116160K
  class space    used 9435K, capacity 11094K, committed 11136K, reserved 1048576K
}
Event: 47.962 GC heap before
{Heap before GC invocations=21 (full 3):
 PSYoungGen      total 323584K, used 307858K [0x00000000e0000000, 0x00000000f9c00000, 0x0000000100000000)
  eden space 288768K, 100% used [0x00000000e0000000,0x00000000f1a00000,0x00000000f1a00000)
  from space 34816K, 54% used [0x00000000f1a00000,0x00000000f2ca48b0,0x00000000f3c00000)
  to   space 34816K, 0% used [0x00000000f7a00000,0x00000000f7a00000,0x00000000f9c00000)
 ParOldGen       total 127488K, used 99047K [0x00000000a0000000, 0x00000000a7c80000, 0x00000000e0000000)
  object space 127488K, 77% used [0x00000000a0000000,0x00000000a60b9cc8,0x00000000a7c80000)
 Metaspace       used 70610K, capacity 77110K, committed 77184K, reserved 1116160K
  class space    used 9451K, capacity 11118K, committed 11136K, reserved 1048576K
Event: 48.372 GC heap after
Heap after GC invocations=21 (full 3):
 PSYoungGen      total 388608K, used 17024K [0x00000000e0000000, 0x00000000fa580000, 0x0000000100000000)
  eden space 353792K, 0% used [0x00000000e0000000,0x00000000e0000000,0x00000000f5980000)
  from space 34816K, 48% used [0x00000000f7a00000,0x00000000f8aa0000,0x00000000f9c00000)
  to   space 33280K, 0% used [0x00000000f5980000,0x00000000f5980000,0x00000000f7a00000)
 ParOldGen       total 127488K, used 116667K [0x00000000a0000000, 0x00000000a7c80000, 0x00000000e0000000)
  object space 127488K, 91% used [0x00000000a0000000,0x00000000a71eee28,0x00000000a7c80000)
 Metaspace       used 70610K, capacity 77110K, committed 77184K, reserved 1116160K
  class space    used 9451K, capacity 11118K, committed 11136K, reserved 1048576K
}
Event: 48.373 GC heap before
{Heap before GC invocations=22 (full 4):
 PSYoungGen      total 388608K, used 17024K [0x00000000e0000000, 0x00000000fa580000, 0x0000000100000000)
  eden space 353792K, 0% used [0x00000000e0000000,0x00000000e0000000,0x00000000f5980000)
  from space 34816K, 48% used [0x00000000f7a00000,0x00000000f8aa0000,0x00000000f9c00000)
  to   space 33280K, 0% used [0x00000000f5980000,0x00000000f5980000,0x00000000f7a00000)
 ParOldGen       total 127488K, used 116667K [0x00000000a0000000, 0x00000000a7c80000, 0x00000000e0000000)
  object space 127488K, 91% used [0x00000000a0000000,0x00000000a71eee28,0x00000000a7c80000)
 Metaspace       used 70610K, capacity 77110K, committed 77184K, reserved 1116160K
  class space    used 9451K, capacity 11118K, committed 11136K, reserved 1048576K
Event: 50.640 GC heap after
Heap after GC invocations=22 (full 4):
 PSYoungGen      total 388608K, used 544K [0x00000000e0000000, 0x00000000fa580000, 0x0000000100000000)
  eden space 353792K, 0% used [0x00000000e0000000,0x00000000e0000000,0x00000000f5980000)
  from space 34816K, 1% used [0x00000000f7a00000,0x00000000f7a88160,0x00000000f9c00000)
  to   space 33280K, 0% used [0x00000000f5980000,0x00000000f5980000,0x00000000f7a00000)
 ParOldGen       total 262656K, used 127032K [0x00000000a0000000, 0x00000000b0080000, 0x00000000e0000000)
  object space 262656K, 48% used [0x00000000a0000000,0x00000000a7c0e340,0x00000000b0080000)
 Metaspace       used 70591K, capacity 77056K, committed 77184K, reserved 1116160K
  class space    used 9445K, capacity 11107K, committed 11136K, reserved 1048576K
}

