# JRE version: Java(TM) SE Runtime Environment (8.0_91-b14) (build 1.8.0_91-b14)
# Java VM: Java HotSpot(TM) 64-Bit Server VM (25.91-b14 mixed mode windows-amd64 compressed oops)
Heap:
 PSYoungGen      total 331776K, used 299008K [0x00000000e0000000, 0x00000000f8d80000, 0x0000000100000000)
  eden space 299008K, 100% used [0x00000000e0000000,0x00000000f2400000,0x00000000f2400000)
  from space 32768K, 0% used [0x00000000f2400000,0x00000000f2400000,0x00000000f4400000)
  to   space 31232K, 56% used [0x00000000f6f00000,0x00000000f8028c50,0x00000000f8d80000)
 ParOldGen       total 246784K, used 109400K [0x00000000a0000000, 0x00000000af100000, 0x00000000e0000000)
  object space 246784K, 44% used [0x00000000a0000000,0x00000000a6ad62b8,0x00000000af100000)
 Metaspace       used 71597K, capacity 77034K, committed 77184K, reserved 1116160K
  class space    used 9560K, capacity 11061K, committed 11136K, reserved 1048576K
GC Heap History (10 events):
Event: 16.988 GC heap after
Heap after GC invocations=17 (full 3):
 PSYoungGen      total 262144K, used 13792K [0x00000000e0000000, 0x00000000f2080000, 0x0000000100000000)
  eden space 248320K, 0% used [0x00000000e0000000,0x00000000e0000000,0x00000000ef280000)
  from space 13824K, 99% used [0x00000000f1080000,0x00000000f1df8030,0x00000000f1e00000)
  to   space 23552K, 0% used [0x00000000ef280000,0x00000000ef280000,0x00000000f0980000)
 ParOldGen       total 123904K, used 56448K [0x00000000a0000000, 0x00000000a7900000, 0x00000000e0000000)
  object space 123904K, 45% used [0x00000000a0000000,0x00000000a3720358,0x00000000a7900000)
 Metaspace       used 63425K, capacity 68258K, committed 68480K, reserved 1107968K
  class space    used 8821K, capacity 10251K, committed 10368K, reserved 1048576K
}
Event: 21.109 GC heap before
{Heap before GC invocations=18 (full 3):
 PSYoungGen      total 262144K, used 262112K [0x00000000e0000000, 0x00000000f2080000, 0x0000000100000000)
  eden space 248320K, 100% used [0x00000000e0000000,0x00000000ef280000,0x00000000ef280000)
  from space 13824K, 99% used [0x00000000f1080000,0x00000000f1df8030,0x00000000f1e00000)
  to   space 23552K, 0% used [0x00000000ef280000,0x00000000ef280000,0x00000000f0980000)
 ParOldGen       total 123904K, used 56448K [0x00000000a0000000, 0x00000000a7900000, 0x00000000e0000000)
  object space 123904K, 45% used [0x00000000a0000000,0x00000000a3720358,0x00000000a7900000)
 Metaspace       used 67419K, capacity 72692K, committed 73088K, reserved 1112064K
  class space    used 9281K, capacity 10771K, committed 10880K, reserved 1048576K
Event: 21.156 GC heap after
Heap after GC invocations=18 (full 3):
 PSYoungGen      total 271872K, used 21941K [0x00000000e0000000, 0x00000000f5d80000, 0x0000000100000000)
  eden space 248320K, 0% used [0x00000000e0000000,0x00000000e0000000,0x00000000ef280000)
  from space 23552K, 93% used [0x00000000ef280000,0x00000000f07ed6e8,0x00000000f0980000)
  to   space 26112K, 0% used [0x00000000f4400000,0x00000000f4400000,0x00000000f5d80000)
 ParOldGen       total 123904K, used 70054K [0x00000000a0000000, 0x00000000a7900000, 0x00000000e0000000)
  object space 123904K, 56% used [0x00000000a0000000,0x00000000a4469880,0x00000000a7900000)
 Metaspace       used 67419K, capacity 72692K, committed 73088K, reserved 1112064K
  class space    used 9281K, capacity 10771K, committed 10880K, reserved 1048576K
}
Event: 24.968 GC heap before
{Heap before GC invocations=19 (full 3):
 PSYoungGen      total 271872K, used 270261K [0x00000000e0000000, 0x00000000f5d80000, 0x0000000100000000)
  eden space 248320K, 100% used [0x00000000e0000000,0x00000000ef280000,0x00000000ef280000)
  from space 23552K, 93% used [0x00000000ef280000,0x00000000f07ed6e8,0x00000000f0980000)
  to   space 26112K, 0% used [0x00000000f4400000,0x00000000f4400000,0x00000000f5d80000)
 ParOldGen       total 123904K, used 70054K [0x00000000a0000000, 0x00000000a7900000, 0x00000000e0000000)
  object space 123904K, 56% used [0x00000000a0000000,0x00000000a4469880,0x00000000a7900000)
 Metaspace       used 67906K, capacity 73176K, committed 73344K, reserved 1112064K
  class space    used 9305K, capacity 10777K, committed 10880K, reserved 1048576K
Event: 25.014 GC heap after
Heap after GC invocations=19 (full 3):
 PSYoungGen      total 325120K, used 26080K [0x00000000e0000000, 0x00000000f6980000, 0x0000000100000000)
  eden space 299008K, 0% used [0x00000000e0000000,0x00000000e0000000,0x00000000f2400000)
  from space 26112K, 99% used [0x00000000f4400000,0x00000000f5d78010,0x00000000f5d80000)
  to   space 32768K, 0% used [0x00000000f2400000,0x00000000f2400000,0x00000000f4400000)
 ParOldGen       total 123904K, used 77829K [0x00000000a0000000, 0x00000000a7900000, 0x00000000e0000000)
  object space 123904K, 62% used [0x00000000a0000000,0x00000000a4c01718,0x00000000a7900000)
 Metaspace       used 67906K, capacity 73176K, committed 73344K, reserved 1112064K
  class space    used 9305K, capacity 10777K, committed 10880K, reserved 1048576K
}
Event: 29.047 GC heap before
{Heap before GC invocations=20 (full 3):
 PSYoungGen      total 325120K, used 325088K [0x00000000e0000000, 0x00000000f6980000, 0x0000000100000000)
  eden space 299008K, 100% used [0x00000000e0000000,0x00000000f2400000,0x00000000f2400000)
  from space 26112K, 99% used [0x00000000f4400000,0x00000000f5d78010,0x00000000f5d80000)
  to   space 32768K, 0% used [0x00000000f2400000,0x00000000f2400000,0x00000000f4400000)
 ParOldGen       total 123904K, used 77829K [0x00000000a0000000, 0x00000000a7900000, 0x00000000e0000000)
  object space 123904K, 62% used [0x00000000a0000000,0x00000000a4c01718,0x00000000a7900000)
 Metaspace       used 68123K, capacity 73454K, committed 73600K, reserved 1112064K
  class space    used 9310K, capacity 10780K, committed 10880K, reserved 1048576K
Event: 29.105 GC heap after
Heap after GC invocations=20 (full 3):
 PSYoungGen      total 331776K, used 15264K [0x00000000e0000000, 0x00000000f8d80000, 0x0000000100000000)
  eden space 299008K, 0% used [0x00000000e0000000,0x00000000e0000000,0x00000000f2400000)
  from space 32768K, 46% used [0x00000000f2400000,0x00000000f32e8000,0x00000000f4400000)
  to   space 31232K, 0% used [0x00000000f6f00000,0x00000000f6f00000,0x00000000f8d80000)
 ParOldGen       total 123904K, used 102997K [0x00000000a0000000, 0x00000000a7900000, 0x00000000e0000000)
  object space 123904K, 83% used [0x00000000a0000000,0x00000000a64957c8,0x00000000a7900000)
 Metaspace       used 68123K, capacity 73454K, committed 73600K, reserved 1112064K
  class space    used 9310K, capacity 10780K, committed 10880K, reserved 1048576K
}
Event: 29.105 GC heap before
{Heap before GC invocations=21 (full 4):
 PSYoungGen      total 331776K, used 15264K [0x00000000e0000000, 0x00000000f8d80000, 0x0000000100000000)
  eden space 299008K, 0% used [0x00000000e0000000,0x00000000e0000000,0x00000000f2400000)
  from space 32768K, 46% used [0x00000000f2400000,0x00000000f32e8000,0x00000000f4400000)
  to   space 31232K, 0% used [0x00000000f6f00000,0x00000000f6f00000,0x00000000f8d80000)
 ParOldGen       total 123904K, used 102997K [0x00000000a0000000, 0x00000000a7900000, 0x00000000e0000000)
  object space 123904K, 83% used [0x00000000a0000000,0x00000000a64957c8,0x00000000a7900000)
 Metaspace       used 68123K, capacity 73454K, committed 73600K, reserved 1112064K
  class space    used 9310K, capacity 10780K, committed 10880K, reserved 1048576K
Event: 29.534 GC heap after
Heap after GC invocations=21 (full 4):
 PSYoungGen      total 331776K, used 0K [0x00000000e0000000, 0x00000000f8d80000, 0x0000000100000000)
  eden space 299008K, 0% used [0x00000000e0000000,0x00000000e0000000,0x00000000f2400000)
  from space 32768K, 0% used [0x00000000f2400000,0x00000000f2400000,0x00000000f4400000)
  to   space 31232K, 0% used [0x00000000f6f00000,0x00000000f6f00000,0x00000000f8d80000)
 ParOldGen       total 246784K, used 109392K [0x00000000a0000000, 0x00000000af100000, 0x00000000e0000000)
  object space 246784K, 44% used [0x00000000a0000000,0x00000000a6ad42b8,0x00000000af100000)
 Metaspace       used 68080K, capacity 73326K, committed 73600K, reserved 1112064K
  class space    used 9298K, capacity 10758K, committed 10880K, reserved 1048576K
}
Event: 243.595 GC heap before
{Heap before GC invocations=22 (full 4):
 PSYoungGen      total 331776K, used 299008K [0x00000000e0000000, 0x00000000f8d80000, 0x0000000100000000)
  eden space 299008K, 100% used [0x00000000e0000000,0x00000000f2400000,0x00000000f2400000)
  from space 32768K, 0% used [0x00000000f2400000,0x00000000f2400000,0x00000000f4400000)
  to   space 31232K, 0% used [0x00000000f6f00000,0x00000000f6f00000,0x00000000f8d80000)
 ParOldGen       total 246784K, used 109392K [0x00000000a0000000, 0x00000000af100000, 0x00000000e0000000)
  object space 246784K, 44% used [0x00000000a0000000,0x00000000a6ad42b8,0x00000000af100000)
 Metaspace       used 71597K, capacity 77034K, committed 77184K, reserved 1116160K
  class space    used 9560K, capacity 11061K, committed 11136K, reserved 1048576K

